2017-07-21 15:21:28	admin	doc\a\test_c.txt	下载	D:\\doc\a\test_c.txt	100%	
2017-07-21 15:25:53	admin	doc\a\test.txt	下载	D:\filemanages\doc\a\test.txt	100%	
2017-07-21 16:29:08	admin	doc\电站\文件	上传	E:\从零开始做运营入门篇.张亮.pdf	100%	
2017-07-21 16:29:18	admin	doc\电站\文件	上传	E:\人人都是产品经理.pdf	100%	
2017-07-21 16:29:49	admin	doc\电站\图片	上传	E:\学习资料\大四下学习资料\毕业设计\图片\lijiang.jpg	100%	
2017-07-21 16:30:07	admin	doc\电站\图片	上传	E:\学习资料\大四下学习资料\毕业设计\图片\liaoning.jpg	100%	
2017-07-21 16:40:56	admin	doc\电站\图片\liaoning.jpg	下载	D:\filemanages\doc\电站\图片\liaoning.jpg	100%	
2017-07-21 17:09:04	admin	doc\电站\图片\liaoning.jpg	下载	D:\filemanages\doc\电站\图片\liaoning.jpg	100%	
2017-07-21 17:26:40	admin	doc\机组	上传	E:\学习资料\大四下学习资料\附件：学生评教界面 操作流程详解.pdf	100%	
2017-07-21 17:26:54	admin	doc\机组	上传	E:\学习资料\大四下学习资料\实习报告模板\计科8班_黄冰_3213006156.doc	100%	
2017-07-21 17:27:14	admin	doc\机组	上传	E:\学习资料\大四下学习资料\毕业设计\13计8-3213006156黄冰.ppt	100%	
2017-07-21 17:27:27	admin	doc\机组	上传	E:\学习资料\大四下学习资料\毕业设计\13计8-3213006156黄冰论文20170504.doc	100%	
2017-07-21 17:32:19	admin	doc\机组\13计8-3213006156黄冰.ppt	下载	D:\filemanages\doc\机组\13计8-3213006156黄冰.ppt	100%	
2017-07-21 17:33:39	admin	doc\机组\13计8-3213006156黄冰.ppt	下载	D:\filemanages\doc\机组\13计8-3213006156黄冰.ppt	100%	
2017-07-21 17:37:01	admin	doc\机组\13计8-3213006156黄冰.ppt	下载	D:\filemanages\doc\机组\13计8-3213006156黄冰.ppt	100%	
2017-07-21 17:41:22	admin	doc\机组\13计8-3213006156黄冰.ppt	下载	D:\filemanages\doc\机组\13计8-3213006156黄冰.ppt	100%	
2017-07-21 17:42:39	admin	doc\机组\13计8-3213006156黄冰.ppt	下载	D:\filemanages\doc\机组\13计8-3213006156黄冰.ppt	100%	
2017-07-21 17:43:33	admin	doc\机组\13计8-3213006156黄冰.ppt	下载	D:\filemanages\doc\机组\13计8-3213006156黄冰.ppt	100%	
2017-07-21 17:52:44	admin	doc\机组\13计8-3213006156黄冰.ppt	下载	D:\filemanages\doc\机组\13计8-3213006156黄冰.ppt	100%	
2017-07-21 17:53:52	admin	doc\机组\13计8-3213006156黄冰.ppt	下载	D:\filemanages\doc\机组\13计8-3213006156黄冰.ppt	100%	
2017-07-21 19:14:25	admin	doc\机组\13计8-3213006156黄冰.ppt	下载	D:\filemanages\doc\机组\13计8-3213006156黄冰.ppt	100%	
2017-07-21 19:21:40	admin	doc\机组\13计8-3213006156黄冰论文20170504.doc	下载	D:\filemanages\doc\机组\13计8-3213006156黄冰论文20170504.doc	100%	
2017-07-21 19:25:18	admin	doc\电站\文件\图片文件	上传	E:\学习资料\大四下学习资料\毕业设计\图片\dali.jpg	100%	
2017-07-21 19:25:34	admin	doc\电站\文件\图片文件	上传	E:\学习资料\大四下学习资料\毕业设计\图片\chengdu.jpg	100%	
2017-07-21 19:25:48	admin	doc\电站\文件\图片文件	上传	E:\学习资料\大四下学习资料\毕业设计\图片\hainan.jpg	100%	
2017-07-21 19:26:00	admin	doc\电站\文件\图片文件	上传	E:\学习资料\大四下学习资料\毕业设计\图片\shanghai.jpg	100%	
2017-07-21 19:27:33	admin	doc\电站\文件\资料文件	上传	E:\学习资料\大四上学习资料\通信技术\第3章 程控数字电话交换系统.ppt	100%	
2017-07-21 19:27:49	admin	doc\电站\文件\资料文件	上传	E:\学习资料\大四上学习资料\通信技术\第4章 光纤通信系统.ppt	100%	
2017-07-21 19:28:02	admin	doc\电站\文件\资料文件	上传	E:\学习资料\大四上学习资料\通信技术\第5章 数字微波通信系统.ppt	100%	
2017-07-21 19:28:17	admin	doc\电站\文件\资料文件	上传	E:\学习资料\大四上学习资料\通信技术\第6章 卫星通信系统.ppt	100%	
2017-07-21 19:29:03	admin	doc\电站\文件\图片文件\dali.jpg	下载	D:\filemanages\doc\电站\文件\图片文件\dali.jpg	100%	
2017-07-21 19:32:07	admin	doc\电站\文件\图片文件\chengdu.jpg	下载	D:\filemanages\doc\电站\文件\图片文件\chengdu.jpg	100%	
2017-07-21 19:33:18	admin	doc\机组\13计8-3213006156黄冰.ppt	下载	D:\filemanages\doc\机组\13计8-3213006156黄冰.ppt	100%	
2017-07-21 19:44:16	admin	doc\机组\13计8-3213006156黄冰.ppt	下载	D:\filemanages\doc\机组\13计8-3213006156黄冰.ppt	100%	
2017-07-21 19:44:36	admin	doc\电站\图片\liaoning.jpg	下载	D:\filemanages\doc\电站\图片\liaoning.jpg	100%	
2017-07-21 19:45:16	admin	doc\机组\附件：学生评教界面 操作流程详解.pdf	下载	D:\filemanages\doc\机组\附件：学生评教界面 操作流程详解.pdf	100%	
2017-07-21 19:45:58	admin	doc\电站\文件\资料文件\第4章 光纤通信系统.ppt	下载	D:\filemanages\doc\电站\文件\资料文件\第4章 光纤通信系统.ppt	100%	
2017-07-21 19:49:27	admin	doc\机组\13计8-3213006156黄冰.ppt	下载	D:\filemanages\doc\机组\13计8-3213006156黄冰.ppt	100%	
2017-07-21 19:49:51	admin	doc\电站\图片\liaoning.jpg	下载	D:\filemanages\doc\电站\图片\liaoning.jpg	100%	
2017-07-21 19:51:43	admin	doc\机组\13计8-3213006156黄冰.ppt	下载	D:\filemanages\doc\机组\13计8-3213006156黄冰.ppt	100%	
2017-07-21 19:51:54	admin	doc\电站\图片\liaoning.jpg	下载	D:\filemanages\doc\电站\图片\liaoning.jpg	100%	
2017-07-22 09:40:45	admin	doc\电站\文件\人人都是产品经理.pdf	下载	D:\filemanages\doc\电站\文件\人人都是产品经理.pdf	100%	
2017-07-22 09:41:34	admin	doc\机组\13计8-3213006156黄冰.ppt	下载	D:\filemanages\doc\机组\13计8-3213006156黄冰.ppt	100%	
2017-07-22 10:38:29	admin	doc\电站\图片\liaoning.jpg	下载	D:\filemanages\doc\电站\图片\liaoning.jpg	100%	
2017-07-22 10:39:56	admin	doc\电站\图片\liaoning.jpg	下载	D:\filemanages\doc\电站\图片\liaoning.jpg	100%	
2017-07-22 10:43:18	admin	doc\电站\图片\liaoning.jpg	下载	D:\filemanages\doc\电站\图片\liaoning.jpg	100%	
2017-07-22 10:46:43	admin	doc\电站\图片\liaoning.jpg	下载	D:\filemanages\doc\电站\图片\liaoning.jpg	100%	
2017-07-22 10:49:11	admin	doc\电站\图片\liaoning.jpg	下载	D:\filemanages\doc\电站\图片\liaoning.jpg	100%	
2017-07-22 10:52:17	admin	doc\电站\图片\liaoning.jpg	下载	D:\filemanages\doc\电站\图片\liaoning.jpg	100%	
2017-07-22 11:47:14	admin	doc\电站\图片\liaoning.jpg	下载	D:\filemanages\doc\电站\图片\liaoning.jpg	100%	
2017-07-24 11:22:35	admin	doc\电站\图片\liaoning.jpg	下载	D:\filemanages\doc\电站\图片\liaoning.jpg	100%	
2017-07-24 11:22:38	admin	doc\机组\13计8-3213006156黄冰.ppt	下载	D:\filemanages\doc\机组\13计8-3213006156黄冰.ppt	100%	
2017-07-24 11:27:55	admin	doc\电站\图片\liaoning.jpg	下载	D:\filemanages\doc\电站\图片\liaoning.jpg	100%	
2017-07-24 11:27:57	admin	doc\机组\13计8-3213006156黄冰.ppt	下载	D:\filemanages\doc\机组\13计8-3213006156黄冰.ppt	100%	
2017-07-24 11:33:55	admin	doc\电站\图片\liaoning.jpg	下载	D:\filemanages\doc\电站\图片\liaoning.jpg	100%	
2017-07-24 11:33:58	admin	doc\机组\13计8-3213006156黄冰.ppt	下载	D:\filemanages\doc\机组\13计8-3213006156黄冰.ppt	100%	
2017-07-24 11:42:29	admin	doc\文件	上传	E:\从零开始做运营入门篇.张亮.pdf	100%	
2017-07-24 11:42:48	admin	doc\文件\从零开始做运营入门篇.张亮.pdf	下载	D:\filemanages\doc\文件\从零开始做运营入门篇.张亮.pdf	100%	
2017-07-24 15:33:18	admin	doc\项目\项目名称	上传	E:\人人都是产品经理.pdf	100%	
2017-07-24 15:34:03	admin	doc\文件\从零开始做运营入门篇.张亮.pdf	下载	D:\filemanages\doc\文件\从零开始做运营入门篇.张亮.pdf	100%	
2017-07-24 15:34:12	admin	doc\项目\项目名称\人人都是产品经理.pdf	下载	D:\filemanages\doc\项目\项目名称\人人都是产品经理.pdf	100%	
2017-07-24 15:41:40	admin	doc\图片	上传	E:\学习资料\大四下学习资料\毕业设计\图片\user4.jpg	100%	
2017-07-24 15:41:56	admin	doc\图片\user4.jpg	下载	D:\filemanages\doc\图片\user4.jpg	100%	
2017-07-24 15:44:20	admin	doc\图片\user4.jpg	下载	D:\filemanages\doc\图片\user4.jpg	100%	
2017-07-24 15:44:39	admin	doc\文件\从零开始做运营入门篇.张亮.pdf	下载	D:\filemanages\doc\文件\从零开始做运营入门篇.张亮.pdf	100%	
2017-07-24 15:44:57	admin	doc\机组\13计8-3213006156黄冰.ppt	下载	D:\filemanages\doc\机组\13计8-3213006156黄冰.ppt	100%	
2017-07-24 15:47:14	admin	doc\图片\user4.jpg	下载	D:\filemanages\doc\图片\user4.jpg	100%	
2017-07-24 15:48:22	admin	doc\图片\user4.jpg	下载	D:\filemanages\doc\图片\user4.jpg	100%	
2017-07-24 15:48:30	admin	doc\电站\图片\liaoning.jpg	下载	D:\filemanages\doc\电站\图片\liaoning.jpg	100%	
2017-07-24 15:51:03	admin	doc\图片\user4.jpg	下载	D:\filemanages\doc\图片\user4.jpg	100%	
2017-07-24 15:51:13	admin	doc\机组\13计8-3213006156黄冰论文20170504.doc	下载	D:\filemanages\doc\机组\13计8-3213006156黄冰论文20170504.doc	100%	
2017-07-24 15:51:19	admin	doc\机组\计科8班_黄冰_3213006156.doc	下载	D:\filemanages\doc\机组\计科8班_黄冰_3213006156.doc	100%	
2017-07-24 15:51:36	admin	doc\电站\图片\liaoning.jpg	下载	D:\filemanages\doc\电站\图片\liaoning.jpg	100%	
2017-07-24 15:51:47	admin	doc\电站\文件\从零开始做运营入门篇.张亮.pdf	下载	D:\filemanages\doc\电站\文件\从零开始做运营入门篇.张亮.pdf	100%	
2017-07-24 15:57:38	admin	doc\a\b	上传	E:\从零开始做运营入门篇.张亮.pdf	100%	
2017-07-24 15:57:48	admin	doc\工程一	上传	E:\Dr.Com.exe	100%	
2017-07-24 15:57:55	admin	doc\工程二	上传	E:\filemanage.ico	100%	
2017-07-24 15:58:05	admin	doc\项目一	上传	E:\frametitle.PNG	100%	
2017-07-24 15:58:15	admin	doc\项目一	上传	E:\travel.zip	100%	
2017-07-24 15:58:25	admin	doc\项目二	上传	E:\XZZJ.zip	100%	
2017-07-24 15:58:29	admin	doc\a\b\从零开始做运营入门篇.张亮.pdf	下载	D:\filemanages\doc\a\b\从零开始做运营入门篇.张亮.pdf	100%	
2017-07-24 15:58:41	admin	doc\工程一\Dr.Com.exe	下载	D:\filemanages\doc\工程一\Dr.Com.exe	100%	
2017-07-24 15:58:53	admin	doc\工程二\filemanage.ico	下载	D:\filemanages\doc\工程二\filemanage.ico	100%	
2017-07-24 15:59:09	admin	doc\项目一\frametitle.PNG	下载	D:\filemanages\doc\项目一\frametitle.PNG	100%	
2017-07-24 15:59:17	admin	doc\项目一\travel.zip	下载	D:\filemanages\doc\项目一\travel.zip	100%	
2017-07-24 15:59:26	admin	doc\项目二\XZZJ.zip	下载	D:\filemanages\doc\项目二\XZZJ.zip	100%	
2017-07-24 19:54:20	admin	doc\b	上传	E:\XZZJ.zip	100%	
2017-07-24 19:54:22	admin	doc\b\XZZJ.zip	下载	D:\filemanages\doc\b\XZZJ.zip	100%	
2017-07-24 19:54:55	admin	doc\b\XZZJ.zip	下载	D:\filemanages\doc\b\XZZJ.zip	100%	
2017-07-24 19:55:17	admin	doc\b\bb	上传	E:\从零开始做运营入门篇.张亮.pdf	100%	
2017-07-24 19:55:20	admin	doc\b\bb\从零开始做运营入门篇.张亮.pdf	下载	D:\filemanages\doc\b\bb\从零开始做运营入门篇.张亮.pdf	100%	
2017-07-25 16:58:58	admin	doc\工程一\Dr.Com.exe	下载	D:\filemanages\doc\工程一\Dr.Com.exe	100%	
2017-07-25 16:59:27	admin	doc\文件\从零开始做运营入门篇.张亮.pdf	下载	D:\filemanages\doc\文件\从零开始做运营入门篇.张亮.pdf	100%	
2017-07-25 16:59:52	admin	doc\电站\图片\liaoning.jpg	下载	D:\filemanages\doc\电站\图片\liaoning.jpg	100%	
2017-07-25 17:00:00	admin	doc\电站\图片\lijiang.jpg	下载	D:\filemanages\doc\电站\图片\lijiang.jpg	100%	
2017-07-25 17:20:05	admin	doc\图片	上传	E:\学习资料\大四下学习资料\毕业设计\图片\user2.jpg	100%	
2017-07-27 09:43:26	admin	doc\a	上传	E:\人人都是产品经理.pdf	100%	
2017-07-27 09:43:45	admin	doc\a	上传	E:\人人都是产品经理.pdf	100%	
2017-07-27 12:31:20	admin	doc\a	上传	E:\filemanage.ico	100%	
2017-07-27 12:31:36	admin	doc\a\b	上传	E:\人人都是产品经理.pdf	100%	
2017-07-27 12:32:01	admin	doc\a	上传	E:\从零开始做运营入门篇.张亮.pdf	100%	
2017-07-27 12:32:12	admin	doc\a	上传	E:\frametitle.PNG	100%	
2017-07-27 12:32:22	admin	doc\a	上传	E:\Dr.Com.exe	100%	
2017-07-27 12:32:31	admin	doc\a	上传	E:\travel.zip	100%	
2017-07-27 12:32:41	admin	doc\a	上传	E:\XZZJ.zip	100%	
2017-07-27 12:32:55	admin	doc\a	上传	E:\从零开始做运营入门篇.张亮.pdf	100%	
2017-07-27 12:33:08	admin	doc\a	上传	E:\从零开始做运营入门篇.张亮.pdf	100%	
2017-07-27 12:35:27	admin	doc\a\b	上传	E:\frametitle.a.PNG	100%	
2017-07-27 12:36:37	admin	doc\a\b	上传	E:\frametitle.a.PNG	100%	
2017-07-27 12:37:16	admin	doc\a	上传	E:\Dr.Com.exe	100%	
2017-07-27 12:37:53	admin	doc\a\b	上传	E:\人人都是产品经理.pdf	100%	
2017-07-27 12:38:29	admin	doc\a	上传	E:\Dr.Com.exe	100%	
2017-07-27 12:39:22	admin	doc\a\b	上传	E:\人人都是产品经理.pdf	100%	
2017-07-27 12:40:04	admin	doc\a\b	上传	E:\Dr.Com.exe	100%	
2017-07-27 12:40:12	admin	doc\a\b	上传	E:\filemanage.ico	100%	
2017-07-27 12:40:20	admin	doc\a\b	上传	E:\frametitle.PNG	100%	
2017-07-27 12:40:32	admin	doc\a\b	上传	E:\travel.zip	100%	
2017-07-27 12:40:39	admin	doc\a\b	上传	E:\XZZJ.zip	100%	
2017-07-27 13:18:10	admin	doc\a	上传	E:\a_01.doc	100%	
2017-07-27 13:18:18	admin	doc\a	上传	E:\a_01.doc	100%	
2017-07-27 14:43:25	admin	doc\a	上传	E:\a_01.doc	100%	
2017-07-27 14:43:42	admin	doc\a	上传	E:\a_01.doc	100%	
2017-07-27 15:14:21	admin	doc\a	上传	E:\人人都是产品经理.pdf	100%	
2017-07-27 15:23:28	admin	doc\a	上传	E:\Dr.Com.exe	100%	
2017-07-27 15:27:31	admin	doc\a	上传	E:\Dr.Com.exe	100%	
2017-07-28 09:28:23	admin	doc\111	上传	C:\Users\Administrator\Documents\组织项目组召开周会.docx	100%	
2017-07-28 09:28:32	admin	doc\111	上传	C:\Users\Administrator\Documents\组织项目组召开周会.docx	100%	
2017-07-28 09:28:42	admin	doc\111	上传	C:\Users\Administrator\Documents\组织项目组召开周会.docx	100%	
